<?xml version="1.0" encoding="UTF-8"?>
<beans xmlns="http://www.springframework.org/schema/beans"
       xmlns:xsi="http://www.w3.org/2001/XMLSchema-instance"
       xmlns:hz="http://www.hazelcast.com/schema/spring"
       xmlns:context="http://www.springframework.org/schema/context"
       xsi:schemaLocation="
       http://www.springframework.org/schema/beans      http://www.springframework.org/schema/beans/spring-beans-3.1.xsd
       http://www.hazelcast.com/schema/spring           http://www.hazelcast.com/schema/spring/hazelcast-spring-2.4.xsd
       http://www.springframework.org/schema/context    http://www.springframework.org/schema/context/spring-context.xsd">

    <context:component-scan base-package="com.cl9p.applications" />

    <hz:client id="petClient" group-name="dev" group-password="password" >
        <hz:member>localhost</hz:member>
    </hz:client>

</beans>